[debug] [2021-09-02T20:06:14.235Z] ----------------------------------------------------------------------
[debug] [2021-09-02T20:06:14.289Z] Command:       C:\Program Files\nodejs\node.exe C:\Users\saad-\AppData\Roaming\npm\node_modules\firebase-tools\lib\bin\firebase.js emulators:start --only functions
[debug] [2021-09-02T20:06:14.289Z] CLI Version:   9.16.5
[debug] [2021-09-02T20:06:14.290Z] Platform:      win32
[debug] [2021-09-02T20:06:14.290Z] Node Version:  v14.16.1
[debug] [2021-09-02T20:06:16.227Z] Time:          Thu Sep 02 2021 21:06:14 GMT+0100 (UTC+01:00)
[debug] [2021-09-02T20:06:16.227Z] ----------------------------------------------------------------------
[debug] 
[debug] [2021-09-02T20:06:16.824Z] >>> [apiv2][query] GET https://firebase-public.firebaseio.com/cli.json [none]
[debug] [2021-09-02T20:06:23.510Z] > command requires scopes: ["email","openid","https://www.googleapis.com/auth/cloudplatformprojects.readonly","https://www.googleapis.com/auth/firebase","https://www.googleapis.com/auth/cloud-platform"]
[debug] [2021-09-02T20:06:23.510Z] > authorizing via signed-in user (moutalib.saad@gmail.com)
[info] i  emulators: Starting emulators: functions {"metadata":{"emulator":{"name":"hub"},"message":"Starting emulators: functions"}}
[warn] !  emulators: It seems that you are running multiple instances of the emulator suite for project alumenshop. This may result in unexpected behavior. 
[debug] [2021-09-02T20:06:24.112Z] [hub] writing locator at C:\Users\saad-\AppData\Local\Temp\hub-alumenshop.json
[warn] !  functions: The following emulators are not running, calls to these services from the Functions emulator will affect production: auth, firestore, database, hosting, pubsub, storage {"metadata":{"emulator":{"name":"functions"},"message":"The following emulators are not running, calls to these services from the Functions emulator will affect production: \u001b[1mauth, firestore, database, hosting, pubsub, storage\u001b[22m"}}
[info] +  functions: Using node@14 from host. {"metadata":{"emulator":{"name":"functions"},"message":"Using node@14 from host."}}
[debug] [2021-09-02T20:06:25.037Z] defaultcredentials: writing to file C:\Users\saad-\AppData\Roaming\firebase\moutalib_saad_gmail.com_application_default_credentials.json
[debug] [2021-09-02T20:06:25.051Z] Setting GAC to C:\Users\saad-\AppData\Roaming\firebase\moutalib_saad_gmail.com_application_default_credentials.json {"metadata":{"emulator":{"name":"functions"},"message":"Setting GAC to C:\\Users\\saad-\\AppData\\Roaming\\firebase\\moutalib_saad_gmail.com_application_default_credentials.json"}}
[debug] [2021-09-02T20:06:25.055Z] > refreshing access token with scopes: []
[debug] [2021-09-02T20:06:25.059Z] >>> HTTP REQUEST POST https://www.googleapis.com/oauth2/v3/token  
 <request body omitted>
[debug] [2021-09-02T20:06:28.067Z] <<< [apiv2][status] GET https://firebase-public.firebaseio.com/cli.json 200
[debug] [2021-09-02T20:06:28.067Z] <<< [apiv2][body] GET https://firebase-public.firebaseio.com/cli.json {"cloudBuildErrorAfter":1594252800000,"cloudBuildWarnAfter":1590019200000,"defaultNode10After":1594252800000,"minVersion":"3.0.5","node8DeploysDisabledAfter":1613390400000,"node8RuntimeDisabledAfter":1615809600000,"node8WarnAfter":1600128000000}
[debug] [2021-09-02T20:06:28.519Z] <<< HTTP RESPONSE 200 {"date":"Thu, 02 Sep 2021 20:06:27 GMT","pragma":"no-cache","expires":"Mon, 01 Jan 1990 00:00:00 GMT","cache-control":"no-cache, no-store, max-age=0, must-revalidate","content-type":"application/json; charset=utf-8","vary":"X-Origin, Referer, Origin,Accept-Encoding","server":"scaffolding on HTTPServer2","x-xss-protection":"0","x-frame-options":"SAMEORIGIN","x-content-type-options":"nosniff","alt-svc":"h3=\":443\"; ma=2592000,h3-29=\":443\"; ma=2592000,h3-T051=\":443\"; ma=2592000,h3-Q050=\":443\"; ma=2592000,h3-Q046=\":443\"; ma=2592000,h3-Q043=\":443\"; ma=2592000,quic=\":443\"; ma=2592000; v=\"46,43\"","accept-ranges":"none","transfer-encoding":"chunked"}
[debug] [2021-09-02T20:06:28.764Z] >>> [apiv2][query] GET https://firebase.googleapis.com/v1beta1/projects/alumenshop/adminSdkConfig [none]
[debug] [2021-09-02T20:06:29.805Z] <<< [apiv2][status] GET https://firebase.googleapis.com/v1beta1/projects/alumenshop/adminSdkConfig 200
[debug] [2021-09-02T20:06:29.806Z] <<< [apiv2][body] GET https://firebase.googleapis.com/v1beta1/projects/alumenshop/adminSdkConfig {"projectId":"alumenshop","storageBucket":"alumenshop.appspot.com","locationId":"europe-west"}
[debug] [2021-09-02T20:06:30.363Z] Ignoring unsupported arg: auto_download {"metadata":{"emulator":{"name":"ui"},"message":"Ignoring unsupported arg: auto_download"}}
[debug] [2021-09-02T20:06:30.365Z] Ignoring unsupported arg: port {"metadata":{"emulator":{"name":"ui"},"message":"Ignoring unsupported arg: port"}}
[debug] [2021-09-02T20:06:30.365Z] Starting Emulator UI with command {"binary":"node","args":["C:\\Users\\saad-\\.cache\\firebase\\emulators\\ui-v1.6.2\\server.bundle.js"],"optionalArgs":[],"joinArgs":false} {"metadata":{"emulator":{"name":"ui"},"message":"Starting Emulator UI with command {\"binary\":\"node\",\"args\":[\"C:\\\\Users\\\\saad-\\\\.cache\\\\firebase\\\\emulators\\\\ui-v1.6.2\\\\server.bundle.js\"],\"optionalArgs\":[],\"joinArgs\":false}"}}
[info] i  ui: Emulator UI logging to ui-debug.log {"metadata":{"emulator":{"name":"ui"},"message":"Emulator UI logging to \u001b[1mui-debug.log\u001b[22m"}}
[debug] [2021-09-02T20:06:31.202Z] Web / API server started at localhost:4000
 {"metadata":{"emulator":{"name":"ui"},"message":"Web / API server started at localhost:4000\n"}}
[info] i  functions: Watching "C:\Users\saad-\Projects\AlumenShop\alumenshop\functions" for Cloud Functions... {"metadata":{"emulator":{"name":"functions"},"message":"Watching \"C:\\Users\\saad-\\Projects\\AlumenShop\\alumenshop\\functions\" for Cloud Functions..."}}
[debug] [2021-09-02T20:06:31.857Z] [worker-pool] addWorker(~diagnostic~) {"metadata":{"emulator":{"name":"functions"},"message":"[worker-pool] addWorker(~diagnostic~)"}}
[debug] [2021-09-02T20:06:31.858Z] [worker-pool] Adding worker with key ~diagnostic~, total=1 {"metadata":{"emulator":{"name":"functions"},"message":"[worker-pool] Adding worker with key ~diagnostic~, total=1"}}
[debug] [2021-09-02T20:06:31.859Z] [worker-pool] submitWork(triggerId=) {"metadata":{"emulator":{"name":"functions"},"message":"[worker-pool] submitWork(triggerId=)"}}
[debug] [2021-09-02T20:06:31.860Z] [worker-~diagnostic~-ece28245-2e0f-4479-b574-271e8c04de17]: Assigning socketPath: \\?\pipe\C:\Users\saad-\Projects\AlumenShop\alumenshop\functions\15408 {"metadata":{"emulator":{"name":"functions"},"message":"[worker-~diagnostic~-ece28245-2e0f-4479-b574-271e8c04de17]: Assigning socketPath: \\\\?\\pipe\\C:\\Users\\saad-\\Projects\\AlumenShop\\alumenshop\\functions\\15408"}}
[debug] [2021-09-02T20:06:31.860Z] [worker-~diagnostic~-ece28245-2e0f-4479-b574-271e8c04de17]: BUSY {"metadata":{"emulator":{"name":"functions"},"message":"[worker-~diagnostic~-ece28245-2e0f-4479-b574-271e8c04de17]: BUSY"}}
[debug] [2021-09-02T20:06:56.223Z] [runtime-status] [15408] Functions runtime initialized. {"cwd":"C:\\Users\\saad-\\Projects\\AlumenShop\\alumenshop\\functions","node_version":"14.16.1"} {"metadata":{"emulator":{"name":"functions"},"message":"[runtime-status] [15408] Functions runtime initialized. {\"cwd\":\"C:\\\\Users\\\\saad-\\\\Projects\\\\AlumenShop\\\\alumenshop\\\\functions\",\"node_version\":\"14.16.1\"}"}}
[debug] [2021-09-02T20:06:56.224Z] [runtime-status] [15408] Disabled runtime features: undefined {"metadata":{"emulator":{"name":"functions"},"message":"[runtime-status] [15408] Disabled runtime features: undefined"}}
[debug] [2021-09-02T20:06:56.438Z] [runtime-status] [15408] Resolved module firebase-admin {"declared":true,"installed":true,"version":"9.11.0","resolution":"C:\\Users\\saad-\\Projects\\AlumenShop\\alumenshop\\functions\\node_modules\\firebase-admin\\lib\\index.js"} {"metadata":{"emulator":{"name":"functions"},"message":"[runtime-status] [15408] Resolved module firebase-admin {\"declared\":true,\"installed\":true,\"version\":\"9.11.0\",\"resolution\":\"C:\\\\Users\\\\saad-\\\\Projects\\\\AlumenShop\\\\alumenshop\\\\functions\\\\node_modules\\\\firebase-admin\\\\lib\\\\index.js\"}"}}
[debug] [2021-09-02T20:06:56.847Z] [runtime-status] [15408] Resolved module firebase-functions {"declared":true,"installed":true,"version":"3.15.3","resolution":"C:\\Users\\saad-\\Projects\\AlumenShop\\alumenshop\\functions\\node_modules\\firebase-functions\\lib\\index.js"} {"metadata":{"emulator":{"name":"functions"},"message":"[runtime-status] [15408] Resolved module firebase-functions {\"declared\":true,\"installed\":true,\"version\":\"3.15.3\",\"resolution\":\"C:\\\\Users\\\\saad-\\\\Projects\\\\AlumenShop\\\\alumenshop\\\\functions\\\\node_modules\\\\firebase-functions\\\\lib\\\\index.js\"}"}}
[debug] [2021-09-02T20:06:56.853Z] [runtime-status] [15408] Resolved module firebase-functions {"declared":true,"installed":true,"version":"3.15.3","resolution":"C:\\Users\\saad-\\Projects\\AlumenShop\\alumenshop\\functions\\node_modules\\firebase-functions\\lib\\index.js"} {"metadata":{"emulator":{"name":"functions"},"message":"[runtime-status] [15408] Resolved module firebase-functions {\"declared\":true,\"installed\":true,\"version\":\"3.15.3\",\"resolution\":\"C:\\\\Users\\\\saad-\\\\Projects\\\\AlumenShop\\\\alumenshop\\\\functions\\\\node_modules\\\\firebase-functions\\\\lib\\\\index.js\"}"}}
[debug] [2021-09-02T20:06:56.858Z] [runtime-status] [15408] Outgoing network have been stubbed. [{"name":"http","status":"mocked"},{"name":"http","status":"mocked"},{"name":"https","status":"mocked"},{"name":"https","status":"mocked"},{"name":"net","status":"mocked"}] {"metadata":{"emulator":{"name":"functions"},"message":"[runtime-status] [15408] Outgoing network have been stubbed. [{\"name\":\"http\",\"status\":\"mocked\"},{\"name\":\"http\",\"status\":\"mocked\"},{\"name\":\"https\",\"status\":\"mocked\"},{\"name\":\"https\",\"status\":\"mocked\"},{\"name\":\"net\",\"status\":\"mocked\"}]"}}
[debug] [2021-09-02T20:06:56.861Z] [runtime-status] [15408] Resolved module firebase-functions {"declared":true,"installed":true,"version":"3.15.3","resolution":"C:\\Users\\saad-\\Projects\\AlumenShop\\alumenshop\\functions\\node_modules\\firebase-functions\\lib\\index.js"} {"metadata":{"emulator":{"name":"functions"},"message":"[runtime-status] [15408] Resolved module firebase-functions {\"declared\":true,\"installed\":true,\"version\":\"3.15.3\",\"resolution\":\"C:\\\\Users\\\\saad-\\\\Projects\\\\AlumenShop\\\\alumenshop\\\\functions\\\\node_modules\\\\firebase-functions\\\\lib\\\\index.js\"}"}}
[debug] [2021-09-02T20:06:59.861Z] [runtime-status] [15408] Checked functions.config() {"config":{}} {"metadata":{"emulator":{"name":"functions"},"message":"[runtime-status] [15408] Checked functions.config() {\"config\":{}}"}}
[debug] [2021-09-02T20:06:59.861Z] [runtime-status] [15408] firebase-functions has been stubbed. {"functionsResolution":{"declared":true,"installed":true,"version":"3.15.3","resolution":"C:\\Users\\saad-\\Projects\\AlumenShop\\alumenshop\\functions\\node_modules\\firebase-functions\\lib\\index.js"}} {"metadata":{"emulator":{"name":"functions"},"message":"[runtime-status] [15408] firebase-functions has been stubbed. {\"functionsResolution\":{\"declared\":true,\"installed\":true,\"version\":\"3.15.3\",\"resolution\":\"C:\\\\Users\\\\saad-\\\\Projects\\\\AlumenShop\\\\alumenshop\\\\functions\\\\node_modules\\\\firebase-functions\\\\lib\\\\index.js\"}}"}}
[debug] [2021-09-02T20:06:59.862Z] [runtime-status] [15408] Resolved module firebase-functions {"declared":true,"installed":true,"version":"3.15.3","resolution":"C:\\Users\\saad-\\Projects\\AlumenShop\\alumenshop\\functions\\node_modules\\firebase-functions\\lib\\index.js"} {"metadata":{"emulator":{"name":"functions"},"message":"[runtime-status] [15408] Resolved module firebase-functions {\"declared\":true,\"installed\":true,\"version\":\"3.15.3\",\"resolution\":\"C:\\\\Users\\\\saad-\\\\Projects\\\\AlumenShop\\\\alumenshop\\\\functions\\\\node_modules\\\\firebase-functions\\\\lib\\\\index.js\"}"}}
[debug] [2021-09-02T20:06:59.864Z] [runtime-status] [15408] Resolved module firebase-admin {"declared":true,"installed":true,"version":"9.11.0","resolution":"C:\\Users\\saad-\\Projects\\AlumenShop\\alumenshop\\functions\\node_modules\\firebase-admin\\lib\\index.js"} {"metadata":{"emulator":{"name":"functions"},"message":"[runtime-status] [15408] Resolved module firebase-admin {\"declared\":true,\"installed\":true,\"version\":\"9.11.0\",\"resolution\":\"C:\\\\Users\\\\saad-\\\\Projects\\\\AlumenShop\\\\alumenshop\\\\functions\\\\node_modules\\\\firebase-admin\\\\lib\\\\index.js\"}"}}
[debug] [2021-09-02T20:06:59.865Z] [runtime-status] [15408] Resolved module firebase-functions {"declared":true,"installed":true,"version":"3.15.3","resolution":"C:\\Users\\saad-\\Projects\\AlumenShop\\alumenshop\\functions\\node_modules\\firebase-functions\\lib\\index.js"} {"metadata":{"emulator":{"name":"functions"},"message":"[runtime-status] [15408] Resolved module firebase-functions {\"declared\":true,\"installed\":true,\"version\":\"3.15.3\",\"resolution\":\"C:\\\\Users\\\\saad-\\\\Projects\\\\AlumenShop\\\\alumenshop\\\\functions\\\\node_modules\\\\firebase-functions\\\\lib\\\\index.js\"}"}}
[debug] [2021-09-02T20:06:59.866Z] [runtime-status] [15408] firebase-admin has been stubbed. {"adminResolution":{"declared":true,"installed":true,"version":"9.11.0","resolution":"C:\\Users\\saad-\\Projects\\AlumenShop\\alumenshop\\functions\\node_modules\\firebase-admin\\lib\\index.js"}} {"metadata":{"emulator":{"name":"functions"},"message":"[runtime-status] [15408] firebase-admin has been stubbed. {\"adminResolution\":{\"declared\":true,\"installed\":true,\"version\":\"9.11.0\",\"resolution\":\"C:\\\\Users\\\\saad-\\\\Projects\\\\AlumenShop\\\\alumenshop\\\\functions\\\\node_modules\\\\firebase-admin\\\\lib\\\\index.js\"}}"}}
[info] +  functions[us-central1-api]: http function initialized (http://localhost:5001/alumenshop/us-central1/api). {"metadata":{"emulator":{"name":"functions"},"message":"\u001b[1mhttp\u001b[22m function initialized (http://localhost:5001/alumenshop/us-central1/api)."}}
[info] 
┌─────────────────────────────────────────────────────────────┐
│ ✔  All emulators ready! It is now safe to connect your app. │
│ i  View Emulator UI at http://localhost:4000                │
└─────────────────────────────────────────────────────────────┘

┌───────────┬────────────────┬─────────────────────────────────┐
│ Emulator  │ Host:Port      │ View in Emulator UI             │
├───────────┼────────────────┼─────────────────────────────────┤
│ Functions │ localhost:5001 │ http://localhost:4000/functions │
└───────────┴────────────────┴─────────────────────────────────┘
  Emulator Hub running at localhost:4400
  Other reserved ports: 4500

Issues? Report them at https://github.com/firebase/firebase-tools/issues and attach the *-debug.log files.
 
[debug] [2021-09-02T20:07:16.437Z] [worker-~diagnostic~-ece28245-2e0f-4479-b574-271e8c04de17]: IDLE {"metadata":{"emulator":{"name":"functions"},"message":"[worker-~diagnostic~-ece28245-2e0f-4479-b574-271e8c04de17]: IDLE"}}
[debug] [2021-09-02T20:16:30.237Z] [work-queue] {"queueLength":1,"workRunningCount":0}
[debug] [2021-09-02T20:16:30.238Z] [work-queue] {"queueLength":0,"workRunningCount":1}
[debug] [2021-09-02T20:16:30.238Z] Accepted request OPTIONS /alumenshop/us-central1/api/payment/create --> us-central1-api
[debug] [2021-09-02T20:16:30.269Z] [worker-pool] addWorker(us-central1-api) {"metadata":{"emulator":{"name":"functions"},"message":"[worker-pool] addWorker(us-central1-api)"}}
[debug] [2021-09-02T20:16:30.269Z] [worker-pool] Adding worker with key us-central1-api, total=1 {"metadata":{"emulator":{"name":"functions"},"message":"[worker-pool] Adding worker with key us-central1-api, total=1"}}
[debug] [2021-09-02T20:16:30.270Z] [worker-pool] submitWork(triggerId=us-central1-api) {"metadata":{"emulator":{"name":"functions"},"message":"[worker-pool] submitWork(triggerId=us-central1-api)"}}
[debug] [2021-09-02T20:16:30.270Z] [worker-us-central1-api-58190096-2d99-4115-a329-2753963480fc]: Assigning socketPath: \\?\pipe\C:\Users\saad-\Projects\AlumenShop\alumenshop\functions\14608 {"metadata":{"emulator":{"name":"functions"},"message":"[worker-us-central1-api-58190096-2d99-4115-a329-2753963480fc]: Assigning socketPath: \\\\?\\pipe\\C:\\Users\\saad-\\Projects\\AlumenShop\\alumenshop\\functions\\14608"}}
[debug] [2021-09-02T20:16:30.270Z] [worker-us-central1-api-58190096-2d99-4115-a329-2753963480fc]: BUSY {"metadata":{"emulator":{"name":"functions"},"message":"[worker-us-central1-api-58190096-2d99-4115-a329-2753963480fc]: BUSY"}}
[debug] [2021-09-02T20:16:33.653Z] [runtime-status] [14608] Functions runtime initialized. {"cwd":"C:\\Users\\saad-\\Projects\\AlumenShop\\alumenshop\\functions","node_version":"14.16.1"} {"metadata":{"emulator":{"name":"functions"},"function":{"name":"us-central1-api"},"message":"[runtime-status] [14608] Functions runtime initialized. {\"cwd\":\"C:\\\\Users\\\\saad-\\\\Projects\\\\AlumenShop\\\\alumenshop\\\\functions\",\"node_version\":\"14.16.1\"}"}}
[debug] [2021-09-02T20:16:33.658Z] [runtime-status] [14608] Disabled runtime features: undefined {"metadata":{"emulator":{"name":"functions"},"function":{"name":"us-central1-api"},"message":"[runtime-status] [14608] Disabled runtime features: undefined"}}
[debug] [2021-09-02T20:16:33.679Z] [runtime-status] [14608] Resolved module firebase-admin {"declared":true,"installed":true,"version":"9.11.0","resolution":"C:\\Users\\saad-\\Projects\\AlumenShop\\alumenshop\\functions\\node_modules\\firebase-admin\\lib\\index.js"} {"metadata":{"emulator":{"name":"functions"},"function":{"name":"us-central1-api"},"message":"[runtime-status] [14608] Resolved module firebase-admin {\"declared\":true,\"installed\":true,\"version\":\"9.11.0\",\"resolution\":\"C:\\\\Users\\\\saad-\\\\Projects\\\\AlumenShop\\\\alumenshop\\\\functions\\\\node_modules\\\\firebase-admin\\\\lib\\\\index.js\"}"}}
[debug] [2021-09-02T20:16:33.684Z] [runtime-status] [14608] Resolved module firebase-functions {"declared":true,"installed":true,"version":"3.15.3","resolution":"C:\\Users\\saad-\\Projects\\AlumenShop\\alumenshop\\functions\\node_modules\\firebase-functions\\lib\\index.js"} {"metadata":{"emulator":{"name":"functions"},"function":{"name":"us-central1-api"},"message":"[runtime-status] [14608] Resolved module firebase-functions {\"declared\":true,\"installed\":true,\"version\":\"3.15.3\",\"resolution\":\"C:\\\\Users\\\\saad-\\\\Projects\\\\AlumenShop\\\\alumenshop\\\\functions\\\\node_modules\\\\firebase-functions\\\\lib\\\\index.js\"}"}}
[debug] [2021-09-02T20:16:33.686Z] [runtime-status] [14608] Resolved module firebase-functions {"declared":true,"installed":true,"version":"3.15.3","resolution":"C:\\Users\\saad-\\Projects\\AlumenShop\\alumenshop\\functions\\node_modules\\firebase-functions\\lib\\index.js"} {"metadata":{"emulator":{"name":"functions"},"function":{"name":"us-central1-api"},"message":"[runtime-status] [14608] Resolved module firebase-functions {\"declared\":true,\"installed\":true,\"version\":\"3.15.3\",\"resolution\":\"C:\\\\Users\\\\saad-\\\\Projects\\\\AlumenShop\\\\alumenshop\\\\functions\\\\node_modules\\\\firebase-functions\\\\lib\\\\index.js\"}"}}
[debug] [2021-09-02T20:16:33.689Z] [runtime-status] [14608] Outgoing network have been stubbed. [{"name":"http","status":"mocked"},{"name":"http","status":"mocked"},{"name":"https","status":"mocked"},{"name":"https","status":"mocked"},{"name":"net","status":"mocked"}] {"metadata":{"emulator":{"name":"functions"},"function":{"name":"us-central1-api"},"message":"[runtime-status] [14608] Outgoing network have been stubbed. [{\"name\":\"http\",\"status\":\"mocked\"},{\"name\":\"http\",\"status\":\"mocked\"},{\"name\":\"https\",\"status\":\"mocked\"},{\"name\":\"https\",\"status\":\"mocked\"},{\"name\":\"net\",\"status\":\"mocked\"}]"}}
[debug] [2021-09-02T20:16:33.690Z] [runtime-status] [14608] Resolved module firebase-functions {"declared":true,"installed":true,"version":"3.15.3","resolution":"C:\\Users\\saad-\\Projects\\AlumenShop\\alumenshop\\functions\\node_modules\\firebase-functions\\lib\\index.js"} {"metadata":{"emulator":{"name":"functions"},"function":{"name":"us-central1-api"},"message":"[runtime-status] [14608] Resolved module firebase-functions {\"declared\":true,\"installed\":true,\"version\":\"3.15.3\",\"resolution\":\"C:\\\\Users\\\\saad-\\\\Projects\\\\AlumenShop\\\\alumenshop\\\\functions\\\\node_modules\\\\firebase-functions\\\\lib\\\\index.js\"}"}}
[debug] [2021-09-02T20:16:34.159Z] [runtime-status] [14608] Checked functions.config() {"config":{}} {"metadata":{"emulator":{"name":"functions"},"function":{"name":"us-central1-api"},"message":"[runtime-status] [14608] Checked functions.config() {\"config\":{}}"}}
[debug] [2021-09-02T20:16:34.159Z] [runtime-status] [14608] firebase-functions has been stubbed. {"functionsResolution":{"declared":true,"installed":true,"version":"3.15.3","resolution":"C:\\Users\\saad-\\Projects\\AlumenShop\\alumenshop\\functions\\node_modules\\firebase-functions\\lib\\index.js"}} {"metadata":{"emulator":{"name":"functions"},"function":{"name":"us-central1-api"},"message":"[runtime-status] [14608] firebase-functions has been stubbed. {\"functionsResolution\":{\"declared\":true,\"installed\":true,\"version\":\"3.15.3\",\"resolution\":\"C:\\\\Users\\\\saad-\\\\Projects\\\\AlumenShop\\\\alumenshop\\\\functions\\\\node_modules\\\\firebase-functions\\\\lib\\\\index.js\"}}"}}
[debug] [2021-09-02T20:16:34.160Z] [runtime-status] [14608] Resolved module firebase-functions {"declared":true,"installed":true,"version":"3.15.3","resolution":"C:\\Users\\saad-\\Projects\\AlumenShop\\alumenshop\\functions\\node_modules\\firebase-functions\\lib\\index.js"} {"metadata":{"emulator":{"name":"functions"},"function":{"name":"us-central1-api"},"message":"[runtime-status] [14608] Resolved module firebase-functions {\"declared\":true,\"installed\":true,\"version\":\"3.15.3\",\"resolution\":\"C:\\\\Users\\\\saad-\\\\Projects\\\\AlumenShop\\\\alumenshop\\\\functions\\\\node_modules\\\\firebase-functions\\\\lib\\\\index.js\"}"}}
[debug] [2021-09-02T20:16:34.162Z] [runtime-status] [14608] Resolved module firebase-admin {"declared":true,"installed":true,"version":"9.11.0","resolution":"C:\\Users\\saad-\\Projects\\AlumenShop\\alumenshop\\functions\\node_modules\\firebase-admin\\lib\\index.js"} {"metadata":{"emulator":{"name":"functions"},"function":{"name":"us-central1-api"},"message":"[runtime-status] [14608] Resolved module firebase-admin {\"declared\":true,\"installed\":true,\"version\":\"9.11.0\",\"resolution\":\"C:\\\\Users\\\\saad-\\\\Projects\\\\AlumenShop\\\\alumenshop\\\\functions\\\\node_modules\\\\firebase-admin\\\\lib\\\\index.js\"}"}}
[debug] [2021-09-02T20:16:34.163Z] [runtime-status] [14608] Resolved module firebase-functions {"declared":true,"installed":true,"version":"3.15.3","resolution":"C:\\Users\\saad-\\Projects\\AlumenShop\\alumenshop\\functions\\node_modules\\firebase-functions\\lib\\index.js"} {"metadata":{"emulator":{"name":"functions"},"function":{"name":"us-central1-api"},"message":"[runtime-status] [14608] Resolved module firebase-functions {\"declared\":true,\"installed\":true,\"version\":\"3.15.3\",\"resolution\":\"C:\\\\Users\\\\saad-\\\\Projects\\\\AlumenShop\\\\alumenshop\\\\functions\\\\node_modules\\\\firebase-functions\\\\lib\\\\index.js\"}"}}
[debug] [2021-09-02T20:16:34.163Z] [runtime-status] [14608] firebase-admin has been stubbed. {"adminResolution":{"declared":true,"installed":true,"version":"9.11.0","resolution":"C:\\Users\\saad-\\Projects\\AlumenShop\\alumenshop\\functions\\node_modules\\firebase-admin\\lib\\index.js"}} {"metadata":{"emulator":{"name":"functions"},"function":{"name":"us-central1-api"},"message":"[runtime-status] [14608] firebase-admin has been stubbed. {\"adminResolution\":{\"declared\":true,\"installed\":true,\"version\":\"9.11.0\",\"resolution\":\"C:\\\\Users\\\\saad-\\\\Projects\\\\AlumenShop\\\\alumenshop\\\\functions\\\\node_modules\\\\firebase-admin\\\\lib\\\\index.js\"}}"}}
[debug] [2021-09-02T20:16:36.463Z] [runtime-status] [14608] Trigger "us-central1-api" has been found, beginning invocation! {"metadata":{"emulator":{"name":"functions"},"function":{"name":"us-central1-api"},"message":"[runtime-status] [14608] Trigger \"us-central1-api\" has been found, beginning invocation!"}}
[info] i  functions: Beginning execution of "us-central1-api" {"metadata":{"emulator":{"name":"functions"},"function":{"name":"us-central1-api"},"message":"Beginning execution of \"us-central1-api\""}}
[debug] [2021-09-02T20:16:36.465Z] [runtime-status] [14608] triggerDefinition {"httpsTrigger":{},"name":"api","entryPoint":"api","regions":["us-central1"],"region":"us-central1","id":"us-central1-api"} {"metadata":{"emulator":{"name":"functions"},"function":{"name":"us-central1-api"},"message":"[runtime-status] [14608] triggerDefinition {\"httpsTrigger\":{},\"name\":\"api\",\"entryPoint\":\"api\",\"regions\":[\"us-central1\"],\"region\":\"us-central1\",\"id\":\"us-central1-api\"}"}}
[debug] [2021-09-02T20:16:36.465Z] [runtime-status] [14608] Running us-central1-api in mode HTTPS {"metadata":{"emulator":{"name":"functions"},"function":{"name":"us-central1-api"},"message":"[runtime-status] [14608] Running us-central1-api in mode HTTPS"}}
[debug] [2021-09-02T20:16:36.471Z] [runtime-status] [14608] Attempting to listen to socketPath: \\?\pipe\C:\Users\saad-\Projects\AlumenShop\alumenshop\functions\14608 {"metadata":{"emulator":{"name":"functions"},"function":{"name":"us-central1-api"},"message":"[runtime-status] [14608] Attempting to listen to socketPath: \\\\?\\pipe\\C:\\Users\\saad-\\Projects\\AlumenShop\\alumenshop\\functions\\14608"}}
[debug] [2021-09-02T20:16:36.475Z] [functions] Runtime ready! Sending request! {"metadata":{"emulator":{"name":"functions"},"message":"[functions] Runtime ready! Sending request!"}}
[debug] [2021-09-02T20:16:36.492Z] [functions] Got req.url=/alumenshop/us-central1/api/payment/create, mapping to path=/payment/create {"metadata":{"emulator":{"name":"functions"},"message":"[functions] Got req.url=/alumenshop/us-central1/api/payment/create, mapping to path=/payment/create"}}
[debug] [2021-09-02T20:16:36.501Z] [runtime-status] [14608] Ephemeral server handling OPTIONS request {"metadata":{"emulator":{"name":"functions"},"function":{"name":"us-central1-api"},"message":"[runtime-status] [14608] Ephemeral server handling OPTIONS request"}}
[debug] [2021-09-02T20:16:36.508Z] [runtime-status] [14608] Ephemeral server survived. {"metadata":{"emulator":{"name":"functions"},"function":{"name":"us-central1-api"},"message":"[runtime-status] [14608] Ephemeral server survived."}}
[debug] [2021-09-02T20:16:36.510Z] [work-queue] {"queueLength":1,"workRunningCount":1}
[debug] [2021-09-02T20:16:36.510Z] [work-queue] {"queueLength":0,"workRunningCount":2}
[debug] [2021-09-02T20:16:36.510Z] Accepted request POST /alumenshop/us-central1/api/payment/create --> us-central1-api
[debug] [2021-09-02T20:16:36.522Z] [worker-pool] addWorker(us-central1-api) {"metadata":{"emulator":{"name":"functions"},"message":"[worker-pool] addWorker(us-central1-api)"}}
[debug] [2021-09-02T20:16:36.523Z] [worker-pool] Adding worker with key us-central1-api, total=2 {"metadata":{"emulator":{"name":"functions"},"message":"[worker-pool] Adding worker with key us-central1-api, total=2"}}
[debug] [2021-09-02T20:16:36.523Z] [worker-pool] submitWork(triggerId=us-central1-api) {"metadata":{"emulator":{"name":"functions"},"message":"[worker-pool] submitWork(triggerId=us-central1-api)"}}
[debug] [2021-09-02T20:16:36.523Z] [worker-us-central1-api-e8303796-bd09-4229-bce2-5228fcb99ec8]: Assigning socketPath: \\?\pipe\C:\Users\saad-\Projects\AlumenShop\alumenshop\functions\10548 {"metadata":{"emulator":{"name":"functions"},"message":"[worker-us-central1-api-e8303796-bd09-4229-bce2-5228fcb99ec8]: Assigning socketPath: \\\\?\\pipe\\C:\\Users\\saad-\\Projects\\AlumenShop\\alumenshop\\functions\\10548"}}
[debug] [2021-09-02T20:16:36.523Z] [worker-us-central1-api-e8303796-bd09-4229-bce2-5228fcb99ec8]: BUSY {"metadata":{"emulator":{"name":"functions"},"message":"[worker-us-central1-api-e8303796-bd09-4229-bce2-5228fcb99ec8]: BUSY"}}
[info] i  functions: Finished "us-central1-api" in ~1s {"metadata":{"emulator":{"name":"functions"},"function":{"name":"us-central1-api"},"message":"Finished \"us-central1-api\" in ~1s"}}
[debug] [2021-09-02T20:16:36.525Z] [worker-us-central1-api-58190096-2d99-4115-a329-2753963480fc]: IDLE {"metadata":{"emulator":{"name":"functions"},"message":"[worker-us-central1-api-58190096-2d99-4115-a329-2753963480fc]: IDLE"}}
[debug] [2021-09-02T20:16:36.525Z] [work-queue] {"queueLength":0,"workRunningCount":1}
[debug] [2021-09-02T20:16:37.150Z] [runtime-status] [10548] Functions runtime initialized. {"cwd":"C:\\Users\\saad-\\Projects\\AlumenShop\\alumenshop\\functions","node_version":"14.16.1"} {"metadata":{"emulator":{"name":"functions"},"function":{"name":"us-central1-api"},"message":"[runtime-status] [10548] Functions runtime initialized. {\"cwd\":\"C:\\\\Users\\\\saad-\\\\Projects\\\\AlumenShop\\\\alumenshop\\\\functions\",\"node_version\":\"14.16.1\"}"}}
[debug] [2021-09-02T20:16:37.156Z] [runtime-status] [10548] Disabled runtime features: undefined {"metadata":{"emulator":{"name":"functions"},"function":{"name":"us-central1-api"},"message":"[runtime-status] [10548] Disabled runtime features: undefined"}}
[debug] [2021-09-02T20:16:37.160Z] [runtime-status] [10548] Resolved module firebase-admin {"declared":true,"installed":true,"version":"9.11.0","resolution":"C:\\Users\\saad-\\Projects\\AlumenShop\\alumenshop\\functions\\node_modules\\firebase-admin\\lib\\index.js"} {"metadata":{"emulator":{"name":"functions"},"function":{"name":"us-central1-api"},"message":"[runtime-status] [10548] Resolved module firebase-admin {\"declared\":true,\"installed\":true,\"version\":\"9.11.0\",\"resolution\":\"C:\\\\Users\\\\saad-\\\\Projects\\\\AlumenShop\\\\alumenshop\\\\functions\\\\node_modules\\\\firebase-admin\\\\lib\\\\index.js\"}"}}
[debug] [2021-09-02T20:16:37.167Z] [runtime-status] [10548] Resolved module firebase-functions {"declared":true,"installed":true,"version":"3.15.3","resolution":"C:\\Users\\saad-\\Projects\\AlumenShop\\alumenshop\\functions\\node_modules\\firebase-functions\\lib\\index.js"} {"metadata":{"emulator":{"name":"functions"},"function":{"name":"us-central1-api"},"message":"[runtime-status] [10548] Resolved module firebase-functions {\"declared\":true,\"installed\":true,\"version\":\"3.15.3\",\"resolution\":\"C:\\\\Users\\\\saad-\\\\Projects\\\\AlumenShop\\\\alumenshop\\\\functions\\\\node_modules\\\\firebase-functions\\\\lib\\\\index.js\"}"}}
[debug] [2021-09-02T20:16:37.170Z] [runtime-status] [10548] Resolved module firebase-functions {"declared":true,"installed":true,"version":"3.15.3","resolution":"C:\\Users\\saad-\\Projects\\AlumenShop\\alumenshop\\functions\\node_modules\\firebase-functions\\lib\\index.js"} {"metadata":{"emulator":{"name":"functions"},"function":{"name":"us-central1-api"},"message":"[runtime-status] [10548] Resolved module firebase-functions {\"declared\":true,\"installed\":true,\"version\":\"3.15.3\",\"resolution\":\"C:\\\\Users\\\\saad-\\\\Projects\\\\AlumenShop\\\\alumenshop\\\\functions\\\\node_modules\\\\firebase-functions\\\\lib\\\\index.js\"}"}}
[debug] [2021-09-02T20:16:37.173Z] [runtime-status] [10548] Outgoing network have been stubbed. [{"name":"http","status":"mocked"},{"name":"http","status":"mocked"},{"name":"https","status":"mocked"},{"name":"https","status":"mocked"},{"name":"net","status":"mocked"}] {"metadata":{"emulator":{"name":"functions"},"function":{"name":"us-central1-api"},"message":"[runtime-status] [10548] Outgoing network have been stubbed. [{\"name\":\"http\",\"status\":\"mocked\"},{\"name\":\"http\",\"status\":\"mocked\"},{\"name\":\"https\",\"status\":\"mocked\"},{\"name\":\"https\",\"status\":\"mocked\"},{\"name\":\"net\",\"status\":\"mocked\"}]"}}
[debug] [2021-09-02T20:16:37.174Z] [runtime-status] [10548] Resolved module firebase-functions {"declared":true,"installed":true,"version":"3.15.3","resolution":"C:\\Users\\saad-\\Projects\\AlumenShop\\alumenshop\\functions\\node_modules\\firebase-functions\\lib\\index.js"} {"metadata":{"emulator":{"name":"functions"},"function":{"name":"us-central1-api"},"message":"[runtime-status] [10548] Resolved module firebase-functions {\"declared\":true,\"installed\":true,\"version\":\"3.15.3\",\"resolution\":\"C:\\\\Users\\\\saad-\\\\Projects\\\\AlumenShop\\\\alumenshop\\\\functions\\\\node_modules\\\\firebase-functions\\\\lib\\\\index.js\"}"}}
[debug] [2021-09-02T20:16:37.238Z] [runtime-status] [10548] Checked functions.config() {"config":{}} {"metadata":{"emulator":{"name":"functions"},"function":{"name":"us-central1-api"},"message":"[runtime-status] [10548] Checked functions.config() {\"config\":{}}"}}
[debug] [2021-09-02T20:16:37.238Z] [runtime-status] [10548] firebase-functions has been stubbed. {"functionsResolution":{"declared":true,"installed":true,"version":"3.15.3","resolution":"C:\\Users\\saad-\\Projects\\AlumenShop\\alumenshop\\functions\\node_modules\\firebase-functions\\lib\\index.js"}} {"metadata":{"emulator":{"name":"functions"},"function":{"name":"us-central1-api"},"message":"[runtime-status] [10548] firebase-functions has been stubbed. {\"functionsResolution\":{\"declared\":true,\"installed\":true,\"version\":\"3.15.3\",\"resolution\":\"C:\\\\Users\\\\saad-\\\\Projects\\\\AlumenShop\\\\alumenshop\\\\functions\\\\node_modules\\\\firebase-functions\\\\lib\\\\index.js\"}}"}}
[debug] [2021-09-02T20:16:37.239Z] [runtime-status] [10548] Resolved module firebase-functions {"declared":true,"installed":true,"version":"3.15.3","resolution":"C:\\Users\\saad-\\Projects\\AlumenShop\\alumenshop\\functions\\node_modules\\firebase-functions\\lib\\index.js"} {"metadata":{"emulator":{"name":"functions"},"function":{"name":"us-central1-api"},"message":"[runtime-status] [10548] Resolved module firebase-functions {\"declared\":true,\"installed\":true,\"version\":\"3.15.3\",\"resolution\":\"C:\\\\Users\\\\saad-\\\\Projects\\\\AlumenShop\\\\alumenshop\\\\functions\\\\node_modules\\\\firebase-functions\\\\lib\\\\index.js\"}"}}
[debug] [2021-09-02T20:16:37.241Z] [runtime-status] [10548] Resolved module firebase-admin {"declared":true,"installed":true,"version":"9.11.0","resolution":"C:\\Users\\saad-\\Projects\\AlumenShop\\alumenshop\\functions\\node_modules\\firebase-admin\\lib\\index.js"} {"metadata":{"emulator":{"name":"functions"},"function":{"name":"us-central1-api"},"message":"[runtime-status] [10548] Resolved module firebase-admin {\"declared\":true,\"installed\":true,\"version\":\"9.11.0\",\"resolution\":\"C:\\\\Users\\\\saad-\\\\Projects\\\\AlumenShop\\\\alumenshop\\\\functions\\\\node_modules\\\\firebase-admin\\\\lib\\\\index.js\"}"}}
[debug] [2021-09-02T20:16:37.242Z] [runtime-status] [10548] Resolved module firebase-functions {"declared":true,"installed":true,"version":"3.15.3","resolution":"C:\\Users\\saad-\\Projects\\AlumenShop\\alumenshop\\functions\\node_modules\\firebase-functions\\lib\\index.js"} {"metadata":{"emulator":{"name":"functions"},"function":{"name":"us-central1-api"},"message":"[runtime-status] [10548] Resolved module firebase-functions {\"declared\":true,\"installed\":true,\"version\":\"3.15.3\",\"resolution\":\"C:\\\\Users\\\\saad-\\\\Projects\\\\AlumenShop\\\\alumenshop\\\\functions\\\\node_modules\\\\firebase-functions\\\\lib\\\\index.js\"}"}}
[debug] [2021-09-02T20:16:37.242Z] [runtime-status] [10548] firebase-admin has been stubbed. {"adminResolution":{"declared":true,"installed":true,"version":"9.11.0","resolution":"C:\\Users\\saad-\\Projects\\AlumenShop\\alumenshop\\functions\\node_modules\\firebase-admin\\lib\\index.js"}} {"metadata":{"emulator":{"name":"functions"},"function":{"name":"us-central1-api"},"message":"[runtime-status] [10548] firebase-admin has been stubbed. {\"adminResolution\":{\"declared\":true,\"installed\":true,\"version\":\"9.11.0\",\"resolution\":\"C:\\\\Users\\\\saad-\\\\Projects\\\\AlumenShop\\\\alumenshop\\\\functions\\\\node_modules\\\\firebase-admin\\\\lib\\\\index.js\"}}"}}
[debug] [2021-09-02T20:16:37.491Z] [runtime-status] [10548] Trigger "us-central1-api" has been found, beginning invocation! {"metadata":{"emulator":{"name":"functions"},"function":{"name":"us-central1-api"},"message":"[runtime-status] [10548] Trigger \"us-central1-api\" has been found, beginning invocation!"}}
[info] i  functions: Beginning execution of "us-central1-api" {"metadata":{"emulator":{"name":"functions"},"function":{"name":"us-central1-api"},"message":"Beginning execution of \"us-central1-api\""}}
[debug] [2021-09-02T20:16:37.493Z] [runtime-status] [10548] triggerDefinition {"httpsTrigger":{},"name":"api","entryPoint":"api","regions":["us-central1"],"region":"us-central1","id":"us-central1-api"} {"metadata":{"emulator":{"name":"functions"},"function":{"name":"us-central1-api"},"message":"[runtime-status] [10548] triggerDefinition {\"httpsTrigger\":{},\"name\":\"api\",\"entryPoint\":\"api\",\"regions\":[\"us-central1\"],\"region\":\"us-central1\",\"id\":\"us-central1-api\"}"}}
[debug] [2021-09-02T20:16:37.493Z] [runtime-status] [10548] Running us-central1-api in mode HTTPS {"metadata":{"emulator":{"name":"functions"},"function":{"name":"us-central1-api"},"message":"[runtime-status] [10548] Running us-central1-api in mode HTTPS"}}
[debug] [2021-09-02T20:16:37.497Z] [runtime-status] [10548] Attempting to listen to socketPath: \\?\pipe\C:\Users\saad-\Projects\AlumenShop\alumenshop\functions\10548 {"metadata":{"emulator":{"name":"functions"},"function":{"name":"us-central1-api"},"message":"[runtime-status] [10548] Attempting to listen to socketPath: \\\\?\\pipe\\C:\\Users\\saad-\\Projects\\AlumenShop\\alumenshop\\functions\\10548"}}
[debug] [2021-09-02T20:16:37.500Z] [functions] Runtime ready! Sending request! {"metadata":{"emulator":{"name":"functions"},"message":"[functions] Runtime ready! Sending request!"}}
[debug] [2021-09-02T20:16:37.501Z] [functions] Got req.url=/alumenshop/us-central1/api/payment/create, mapping to path=/payment/create {"metadata":{"emulator":{"name":"functions"},"message":"[functions] Got req.url=/alumenshop/us-central1/api/payment/create, mapping to path=/payment/create"}}
[debug] [2021-09-02T20:16:37.695Z] [runtime-status] [10548] Ephemeral server handling POST request {"metadata":{"emulator":{"name":"functions"},"function":{"name":"us-central1-api"},"message":"[runtime-status] [10548] Ephemeral server handling POST request"}}
[debug] [2021-09-02T20:16:37.799Z] [runtime-status] [10548] Ephemeral server survived. {"metadata":{"emulator":{"name":"functions"},"function":{"name":"us-central1-api"},"message":"[runtime-status] [10548] Ephemeral server survived."}}
[info] i  functions: Finished "us-central1-api" in ~4s {"metadata":{"emulator":{"name":"functions"},"function":{"name":"us-central1-api"},"message":"Finished \"us-central1-api\" in ~4s"}}
[debug] [2021-09-02T20:16:41.860Z] [worker-us-central1-api-e8303796-bd09-4229-bce2-5228fcb99ec8]: IDLE {"metadata":{"emulator":{"name":"functions"},"message":"[worker-us-central1-api-e8303796-bd09-4229-bce2-5228fcb99ec8]: IDLE"}}
[debug] [2021-09-02T20:16:41.860Z] [work-queue] {"queueLength":0,"workRunningCount":0}
[debug] [2021-09-02T21:09:58.529Z] Received signal SIGHUP 1
